<!DOCTYPE html>
<html lang="zh-cn">
  <head>
    <meta charset="utf-8">
    <meta http-equiv="X-UA-Compatible" content="IE=edge">
    <meta name="viewport" content="width=device-width, initial-scale=1">
    <meta http-equiv="Content-Type" content="text/html; charset=UTF-8"/>
    <title>Test Report</title>
    <meta name="generator" content="BSTestRunner 0.8.4"/>
    <link rel="stylesheet" href="http://cdn.bootcss.com/bootstrap/3.3.0/css/bootstrap.min.css">
    
<style type="text/css" media="screen">

/* -- css div popup ------------------------------------------------------------------------ */
.popup_window {
    display: none;
    position: relative;
    left: 0px;
    top: 0px;
    /*border: solid #627173 1px; */
    padding: 10px;
    background-color: #99CCFF;
    font-family: "Lucida Console", "Courier New", Courier, monospace;
    text-align: left;
    font-size: 10pt;
    width: 500px;
}

/* -- report ------------------------------------------------------------------------ */

#show_detail_line .label {
    font-size: 85%;
    cursor: pointer;
}

#show_detail_line {
    margin: 2em auto 1em auto;
}

#total_row  { font-weight: bold; }
.hiddenRow  { display: none; }
.testcase   { margin-left: 2em; }

</style>


    <!-- HTML5 shim and Respond.js for IE8 support of HTML5 elements and media queries -->
    <!-- WARNING: Respond.js doesn't work if you view the page via file:// -->
    <!--[if lt IE 9]>
      <script src="http://cdn.bootcss.com/html5shiv/3.7.2/html5shiv.min.js"></script>
      <script src="http://cdn.bootcss.com/respond.js/1.4.2/respond.min.js"></script>
    <![endif]-->
  </head>
<body>
<script language="javascript" type="text/javascript"><!--
output_list = Array();

/* level - 0:Summary; 1:Failed; 2:All */
function showCase(level) {
    trs = document.getElementsByTagName("tr");
    for (var i = 0; i < trs.length; i++) {
        tr = trs[i];
        id = tr.id;
        if (id.substr(0,2) == 'ft') {
            if (level < 1) {
                tr.className = 'hiddenRow';
            }
            else {
                tr.className = '';
            }
        }
        if (id.substr(0,2) == 'pt') {
            if (level > 1) {
                tr.className = '';
            }
            else {
                tr.className = 'hiddenRow';
            }
        }
    }
}


function showClassDetail(cid, count) {
    var id_list = Array(count);
    var toHide = 1;
    for (var i = 0; i < count; i++) {
        tid0 = 't' + cid.substr(1) + '.' + (i+1);
        tid = 'f' + tid0;
        tr = document.getElementById(tid);
        if (!tr) {
            tid = 'p' + tid0;
            tr = document.getElementById(tid);
        }
        id_list[i] = tid;
        if (tr.className) {
            toHide = 0;
        }
    }
    for (var i = 0; i < count; i++) {
        tid = id_list[i];
        if (toHide) {
            document.getElementById('div_'+tid).style.display = 'none'
            document.getElementById(tid).className = 'hiddenRow';
        }
        else {
            document.getElementById(tid).className = '';
        }
    }
}


function showTestDetail(div_id){
    var details_div = document.getElementById(div_id)
    var displayState = details_div.style.display
    // alert(displayState)
    if (displayState != 'block' ) {
        displayState = 'block'
        details_div.style.display = 'block'
    }
    else {
        details_div.style.display = 'none'
    }
}


function html_escape(s) {
    s = s.replace(/&/g,'&amp;');
    s = s.replace(/</g,'&lt;');
    s = s.replace(/>/g,'&gt;');
    return s;
}

/* obsoleted by detail in <div>
function showOutput(id, name) {
    var w = window.open("", //url
                    name,
                    "resizable,scrollbars,status,width=800,height=450");
    d = w.document;
    d.write("<pre>");
    d.write(html_escape(output_list[id]));
    d.write("\n");
    d.write("<a href='javascript:window.close()'>close</a>\n");
    d.write("</pre>\n");
    d.close();
}
*/
--></script>

<div class="container">
    <div class='heading'>
<h1>Test Report</h1>
<p><strong>Start Time:</strong> 2018-01-18 10:53:06</p>
<p><strong>Duration:</strong> 0:00:00.044003</p>
<p><strong>Status:</strong> <span class="text text-warning">Error <strong>49</strong></span></p>

<p class='description'>Test case result</p>
</div>


    
<p id='show_detail_line'>
<span class="label label-primary" onclick="showCase(0)">Summary</span>
<span class="label label-danger" onclick="showCase(1)">Failed</span>
<span class="label label-default" onclick="showCase(2)">All</span>
</p>
<table id='result_table' class="table">
    <thead>
        <tr id='header_row'>
            <th>Test Group/Test case</td>
            <th>Count</td>
            <th>Pass</td>
            <th>Fail</td>
            <th>Error</td>
            <th>View</td>
        </tr>
    </thead>
    <tbody>
        
<tr class='text text-warning'>
    <td>test_01_login.Test_01_login</td>
    <td>9</td>
    <td>0</td>
    <td>0</td>
    <td>9</td>
    <td><a class="btn btn-xs btn-primary"href="javascript:showClassDetail('c1',9)">Detail</a></td>
</tr>

<tr id='ft1.1' class='text text-success'>
    <td class='text text-warning'><div class='testcase'>test_01_login: 登录</div></td>
    <td colspan='5' align='center'>

    <!--css div popup start-->
    <a class="popup_link btn btn-xs btn-default" onfocus='this.blur();' href="javascript:showTestDetail('div_ft1.1')" >
        error</a>

    <div id='div_ft1.1' class="popup_window">
        <div style='text-align: right;cursor:pointer'>
        <a onfocus='this.blur();' onclick="document.getElementById('div_ft1.1').style.display = 'none' " >
           [x]</a>
        </div>
        <pre>
        
ft1.1: Traceback (most recent call last):
  File "E:\study\0python_script\Test_vhall\vhall_unittest\test_case\StartEnd.py", line 6, in setUp
    print("Test is start")
  File "D:\python\Python35\lib\BSTestRunner.py", line 131, in write
    self.fp.write(to_unicode(s))
  File "D:\python\Python35\lib\BSTestRunner.py", line 120, in to_unicode
    return unicode(s)
NameError: name 'unicode' is not defined


        </pre>
    </div>
    <!--css div popup end-->

    </td>
</tr>

<tr id='ft1.2' class='text text-success'>
    <td class='text text-warning'><div class='testcase'>test_01_login: 登录</div></td>
    <td colspan='5' align='center'>

    <!--css div popup start-->
    <a class="popup_link btn btn-xs btn-default" onfocus='this.blur();' href="javascript:showTestDetail('div_ft1.2')" >
        error</a>

    <div id='div_ft1.2' class="popup_window">
        <div style='text-align: right;cursor:pointer'>
        <a onfocus='this.blur();' onclick="document.getElementById('div_ft1.2').style.display = 'none' " >
           [x]</a>
        </div>
        <pre>
        
ft1.2: Traceback (most recent call last):
  File "E:\study\0python_script\Test_vhall\vhall_unittest\test_case\StartEnd.py", line 6, in setUp
    print("Test is start")
  File "D:\python\Python35\lib\BSTestRunner.py", line 131, in write
    self.fp.write(to_unicode(s))
  File "D:\python\Python35\lib\BSTestRunner.py", line 120, in to_unicode
    return unicode(s)
NameError: name 'unicode' is not defined


        </pre>
    </div>
    <!--css div popup end-->

    </td>
</tr>

<tr id='ft1.3' class='text text-success'>
    <td class='text text-warning'><div class='testcase'>test_01_login: 登录</div></td>
    <td colspan='5' align='center'>

    <!--css div popup start-->
    <a class="popup_link btn btn-xs btn-default" onfocus='this.blur();' href="javascript:showTestDetail('div_ft1.3')" >
        error</a>

    <div id='div_ft1.3' class="popup_window">
        <div style='text-align: right;cursor:pointer'>
        <a onfocus='this.blur();' onclick="document.getElementById('div_ft1.3').style.display = 'none' " >
           [x]</a>
        </div>
        <pre>
        
ft1.3: Traceback (most recent call last):
  File "E:\study\0python_script\Test_vhall\vhall_unittest\test_case\StartEnd.py", line 6, in setUp
    print("Test is start")
  File "D:\python\Python35\lib\BSTestRunner.py", line 131, in write
    self.fp.write(to_unicode(s))
  File "D:\python\Python35\lib\BSTestRunner.py", line 120, in to_unicode
    return unicode(s)
NameError: name 'unicode' is not defined


        </pre>
    </div>
    <!--css div popup end-->

    </td>
</tr>

<tr id='ft1.4' class='text text-success'>
    <td class='text text-warning'><div class='testcase'>test_01_login: 登录</div></td>
    <td colspan='5' align='center'>

    <!--css div popup start-->
    <a class="popup_link btn btn-xs btn-default" onfocus='this.blur();' href="javascript:showTestDetail('div_ft1.4')" >
        error</a>

    <div id='div_ft1.4' class="popup_window">
        <div style='text-align: right;cursor:pointer'>
        <a onfocus='this.blur();' onclick="document.getElementById('div_ft1.4').style.display = 'none' " >
           [x]</a>
        </div>
        <pre>
        
ft1.4: Traceback (most recent call last):
  File "E:\study\0python_script\Test_vhall\vhall_unittest\test_case\StartEnd.py", line 6, in setUp
    print("Test is start")
  File "D:\python\Python35\lib\BSTestRunner.py", line 131, in write
    self.fp.write(to_unicode(s))
  File "D:\python\Python35\lib\BSTestRunner.py", line 120, in to_unicode
    return unicode(s)
NameError: name 'unicode' is not defined


        </pre>
    </div>
    <!--css div popup end-->

    </td>
</tr>

<tr id='ft1.5' class='text text-success'>
    <td class='text text-warning'><div class='testcase'>test_01_login: 登录</div></td>
    <td colspan='5' align='center'>

    <!--css div popup start-->
    <a class="popup_link btn btn-xs btn-default" onfocus='this.blur();' href="javascript:showTestDetail('div_ft1.5')" >
        error</a>

    <div id='div_ft1.5' class="popup_window">
        <div style='text-align: right;cursor:pointer'>
        <a onfocus='this.blur();' onclick="document.getElementById('div_ft1.5').style.display = 'none' " >
           [x]</a>
        </div>
        <pre>
        
ft1.5: Traceback (most recent call last):
  File "E:\study\0python_script\Test_vhall\vhall_unittest\test_case\StartEnd.py", line 6, in setUp
    print("Test is start")
  File "D:\python\Python35\lib\BSTestRunner.py", line 131, in write
    self.fp.write(to_unicode(s))
  File "D:\python\Python35\lib\BSTestRunner.py", line 120, in to_unicode
    return unicode(s)
NameError: name 'unicode' is not defined


        </pre>
    </div>
    <!--css div popup end-->

    </td>
</tr>

<tr id='ft1.6' class='text text-success'>
    <td class='text text-warning'><div class='testcase'>test_01_login: 登录</div></td>
    <td colspan='5' align='center'>

    <!--css div popup start-->
    <a class="popup_link btn btn-xs btn-default" onfocus='this.blur();' href="javascript:showTestDetail('div_ft1.6')" >
        error</a>

    <div id='div_ft1.6' class="popup_window">
        <div style='text-align: right;cursor:pointer'>
        <a onfocus='this.blur();' onclick="document.getElementById('div_ft1.6').style.display = 'none' " >
           [x]</a>
        </div>
        <pre>
        
ft1.6: Traceback (most recent call last):
  File "E:\study\0python_script\Test_vhall\vhall_unittest\test_case\StartEnd.py", line 6, in setUp
    print("Test is start")
  File "D:\python\Python35\lib\BSTestRunner.py", line 131, in write
    self.fp.write(to_unicode(s))
  File "D:\python\Python35\lib\BSTestRunner.py", line 120, in to_unicode
    return unicode(s)
NameError: name 'unicode' is not defined


        </pre>
    </div>
    <!--css div popup end-->

    </td>
</tr>

<tr id='ft1.7' class='text text-success'>
    <td class='text text-warning'><div class='testcase'>test_01_login: 登录</div></td>
    <td colspan='5' align='center'>

    <!--css div popup start-->
    <a class="popup_link btn btn-xs btn-default" onfocus='this.blur();' href="javascript:showTestDetail('div_ft1.7')" >
        error</a>

    <div id='div_ft1.7' class="popup_window">
        <div style='text-align: right;cursor:pointer'>
        <a onfocus='this.blur();' onclick="document.getElementById('div_ft1.7').style.display = 'none' " >
           [x]</a>
        </div>
        <pre>
        
ft1.7: Traceback (most recent call last):
  File "E:\study\0python_script\Test_vhall\vhall_unittest\test_case\StartEnd.py", line 6, in setUp
    print("Test is start")
  File "D:\python\Python35\lib\BSTestRunner.py", line 131, in write
    self.fp.write(to_unicode(s))
  File "D:\python\Python35\lib\BSTestRunner.py", line 120, in to_unicode
    return unicode(s)
NameError: name 'unicode' is not defined


        </pre>
    </div>
    <!--css div popup end-->

    </td>
</tr>

<tr id='ft1.8' class='text text-success'>
    <td class='text text-warning'><div class='testcase'>test_01_login: 登录</div></td>
    <td colspan='5' align='center'>

    <!--css div popup start-->
    <a class="popup_link btn btn-xs btn-default" onfocus='this.blur();' href="javascript:showTestDetail('div_ft1.8')" >
        error</a>

    <div id='div_ft1.8' class="popup_window">
        <div style='text-align: right;cursor:pointer'>
        <a onfocus='this.blur();' onclick="document.getElementById('div_ft1.8').style.display = 'none' " >
           [x]</a>
        </div>
        <pre>
        
ft1.8: Traceback (most recent call last):
  File "E:\study\0python_script\Test_vhall\vhall_unittest\test_case\StartEnd.py", line 6, in setUp
    print("Test is start")
  File "D:\python\Python35\lib\BSTestRunner.py", line 131, in write
    self.fp.write(to_unicode(s))
  File "D:\python\Python35\lib\BSTestRunner.py", line 120, in to_unicode
    return unicode(s)
NameError: name 'unicode' is not defined


        </pre>
    </div>
    <!--css div popup end-->

    </td>
</tr>

<tr id='ft1.9' class='text text-success'>
    <td class='text text-warning'><div class='testcase'>test_01_login: 登录</div></td>
    <td colspan='5' align='center'>

    <!--css div popup start-->
    <a class="popup_link btn btn-xs btn-default" onfocus='this.blur();' href="javascript:showTestDetail('div_ft1.9')" >
        error</a>

    <div id='div_ft1.9' class="popup_window">
        <div style='text-align: right;cursor:pointer'>
        <a onfocus='this.blur();' onclick="document.getElementById('div_ft1.9').style.display = 'none' " >
           [x]</a>
        </div>
        <pre>
        
ft1.9: Traceback (most recent call last):
  File "E:\study\0python_script\Test_vhall\vhall_unittest\test_case\StartEnd.py", line 6, in setUp
    print("Test is start")
  File "D:\python\Python35\lib\BSTestRunner.py", line 131, in write
    self.fp.write(to_unicode(s))
  File "D:\python\Python35\lib\BSTestRunner.py", line 120, in to_unicode
    return unicode(s)
NameError: name 'unicode' is not defined


        </pre>
    </div>
    <!--css div popup end-->

    </td>
</tr>

<tr class='text text-warning'>
    <td>test_case_01.Test_case_01</td>
    <td>9</td>
    <td>0</td>
    <td>0</td>
    <td>9</td>
    <td><a class="btn btn-xs btn-primary"href="javascript:showClassDetail('c2',9)">Detail</a></td>
</tr>

<tr id='ft2.1' class='text text-success'>
    <td class='text text-warning'><div class='testcase'>test_01_login: 登录</div></td>
    <td colspan='5' align='center'>

    <!--css div popup start-->
    <a class="popup_link btn btn-xs btn-default" onfocus='this.blur();' href="javascript:showTestDetail('div_ft2.1')" >
        error</a>

    <div id='div_ft2.1' class="popup_window">
        <div style='text-align: right;cursor:pointer'>
        <a onfocus='this.blur();' onclick="document.getElementById('div_ft2.1').style.display = 'none' " >
           [x]</a>
        </div>
        <pre>
        
ft2.1: Traceback (most recent call last):
  File "E:\study\0python_script\Test_vhall\vhall_unittest\test_case\StartEnd.py", line 6, in setUp
    print("Test is start")
  File "D:\python\Python35\lib\BSTestRunner.py", line 131, in write
    self.fp.write(to_unicode(s))
  File "D:\python\Python35\lib\BSTestRunner.py", line 120, in to_unicode
    return unicode(s)
NameError: name 'unicode' is not defined


        </pre>
    </div>
    <!--css div popup end-->

    </td>
</tr>

<tr id='ft2.2' class='text text-success'>
    <td class='text text-warning'><div class='testcase'>test_02_createVideoA: 创建单视频活动</div></td>
    <td colspan='5' align='center'>

    <!--css div popup start-->
    <a class="popup_link btn btn-xs btn-default" onfocus='this.blur();' href="javascript:showTestDetail('div_ft2.2')" >
        error</a>

    <div id='div_ft2.2' class="popup_window">
        <div style='text-align: right;cursor:pointer'>
        <a onfocus='this.blur();' onclick="document.getElementById('div_ft2.2').style.display = 'none' " >
           [x]</a>
        </div>
        <pre>
        
ft2.2: Traceback (most recent call last):
  File "E:\study\0python_script\Test_vhall\vhall_unittest\test_case\StartEnd.py", line 6, in setUp
    print("Test is start")
  File "D:\python\Python35\lib\BSTestRunner.py", line 131, in write
    self.fp.write(to_unicode(s))
  File "D:\python\Python35\lib\BSTestRunner.py", line 120, in to_unicode
    return unicode(s)
NameError: name 'unicode' is not defined


        </pre>
    </div>
    <!--css div popup end-->

    </td>
</tr>

<tr id='ft2.3' class='text text-success'>
    <td class='text text-warning'><div class='testcase'>test_03_startVideoA: 开始直播</div></td>
    <td colspan='5' align='center'>

    <!--css div popup start-->
    <a class="popup_link btn btn-xs btn-default" onfocus='this.blur();' href="javascript:showTestDetail('div_ft2.3')" >
        error</a>

    <div id='div_ft2.3' class="popup_window">
        <div style='text-align: right;cursor:pointer'>
        <a onfocus='this.blur();' onclick="document.getElementById('div_ft2.3').style.display = 'none' " >
           [x]</a>
        </div>
        <pre>
        
ft2.3: Traceback (most recent call last):
  File "E:\study\0python_script\Test_vhall\vhall_unittest\test_case\StartEnd.py", line 6, in setUp
    print("Test is start")
  File "D:\python\Python35\lib\BSTestRunner.py", line 131, in write
    self.fp.write(to_unicode(s))
  File "D:\python\Python35\lib\BSTestRunner.py", line 120, in to_unicode
    return unicode(s)
NameError: name 'unicode' is not defined


        </pre>
    </div>
    <!--css div popup end-->

    </td>
</tr>

<tr id='ft2.4' class='text text-success'>
    <td class='text text-warning'><div class='testcase'>test_04_questionnaire: 发起问卷</div></td>
    <td colspan='5' align='center'>

    <!--css div popup start-->
    <a class="popup_link btn btn-xs btn-default" onfocus='this.blur();' href="javascript:showTestDetail('div_ft2.4')" >
        error</a>

    <div id='div_ft2.4' class="popup_window">
        <div style='text-align: right;cursor:pointer'>
        <a onfocus='this.blur();' onclick="document.getElementById('div_ft2.4').style.display = 'none' " >
           [x]</a>
        </div>
        <pre>
        
ft2.4: Traceback (most recent call last):
  File "E:\study\0python_script\Test_vhall\vhall_unittest\test_case\StartEnd.py", line 6, in setUp
    print("Test is start")
  File "D:\python\Python35\lib\BSTestRunner.py", line 131, in write
    self.fp.write(to_unicode(s))
  File "D:\python\Python35\lib\BSTestRunner.py", line 120, in to_unicode
    return unicode(s)
NameError: name 'unicode' is not defined


        </pre>
    </div>
    <!--css div popup end-->

    </td>
</tr>

<tr id='ft2.5' class='text text-success'>
    <td class='text text-warning'><div class='testcase'>test_05_signIn: 发起签到</div></td>
    <td colspan='5' align='center'>

    <!--css div popup start-->
    <a class="popup_link btn btn-xs btn-default" onfocus='this.blur();' href="javascript:showTestDetail('div_ft2.5')" >
        error</a>

    <div id='div_ft2.5' class="popup_window">
        <div style='text-align: right;cursor:pointer'>
        <a onfocus='this.blur();' onclick="document.getElementById('div_ft2.5').style.display = 'none' " >
           [x]</a>
        </div>
        <pre>
        
ft2.5: Traceback (most recent call last):
  File "E:\study\0python_script\Test_vhall\vhall_unittest\test_case\StartEnd.py", line 6, in setUp
    print("Test is start")
  File "D:\python\Python35\lib\BSTestRunner.py", line 131, in write
    self.fp.write(to_unicode(s))
  File "D:\python\Python35\lib\BSTestRunner.py", line 120, in to_unicode
    return unicode(s)
NameError: name 'unicode' is not defined


        </pre>
    </div>
    <!--css div popup end-->

    </td>
</tr>

<tr id='ft2.6' class='text text-success'>
    <td class='text text-warning'><div class='testcase'>test_06_QandA: 开启问答</div></td>
    <td colspan='5' align='center'>

    <!--css div popup start-->
    <a class="popup_link btn btn-xs btn-default" onfocus='this.blur();' href="javascript:showTestDetail('div_ft2.6')" >
        error</a>

    <div id='div_ft2.6' class="popup_window">
        <div style='text-align: right;cursor:pointer'>
        <a onfocus='this.blur();' onclick="document.getElementById('div_ft2.6').style.display = 'none' " >
           [x]</a>
        </div>
        <pre>
        
ft2.6: Traceback (most recent call last):
  File "E:\study\0python_script\Test_vhall\vhall_unittest\test_case\StartEnd.py", line 6, in setUp
    print("Test is start")
  File "D:\python\Python35\lib\BSTestRunner.py", line 131, in write
    self.fp.write(to_unicode(s))
  File "D:\python\Python35\lib\BSTestRunner.py", line 120, in to_unicode
    return unicode(s)
NameError: name 'unicode' is not defined


        </pre>
    </div>
    <!--css div popup end-->

    </td>
</tr>

<tr id='ft2.7' class='text text-success'>
    <td class='text text-warning'><div class='testcase'>test_07_lottery: 开启抽奖</div></td>
    <td colspan='5' align='center'>

    <!--css div popup start-->
    <a class="popup_link btn btn-xs btn-default" onfocus='this.blur();' href="javascript:showTestDetail('div_ft2.7')" >
        error</a>

    <div id='div_ft2.7' class="popup_window">
        <div style='text-align: right;cursor:pointer'>
        <a onfocus='this.blur();' onclick="document.getElementById('div_ft2.7').style.display = 'none' " >
           [x]</a>
        </div>
        <pre>
        
ft2.7: Traceback (most recent call last):
  File "E:\study\0python_script\Test_vhall\vhall_unittest\test_case\StartEnd.py", line 6, in setUp
    print("Test is start")
  File "D:\python\Python35\lib\BSTestRunner.py", line 131, in write
    self.fp.write(to_unicode(s))
  File "D:\python\Python35\lib\BSTestRunner.py", line 120, in to_unicode
    return unicode(s)
NameError: name 'unicode' is not defined


        </pre>
    </div>
    <!--css div popup end-->

    </td>
</tr>

<tr id='ft2.8' class='text text-success'>
    <td class='text text-warning'><div class='testcase'>test_08_chat: 直播时聊天</div></td>
    <td colspan='5' align='center'>

    <!--css div popup start-->
    <a class="popup_link btn btn-xs btn-default" onfocus='this.blur();' href="javascript:showTestDetail('div_ft2.8')" >
        error</a>

    <div id='div_ft2.8' class="popup_window">
        <div style='text-align: right;cursor:pointer'>
        <a onfocus='this.blur();' onclick="document.getElementById('div_ft2.8').style.display = 'none' " >
           [x]</a>
        </div>
        <pre>
        
ft2.8: Traceback (most recent call last):
  File "E:\study\0python_script\Test_vhall\vhall_unittest\test_case\StartEnd.py", line 6, in setUp
    print("Test is start")
  File "D:\python\Python35\lib\BSTestRunner.py", line 131, in write
    self.fp.write(to_unicode(s))
  File "D:\python\Python35\lib\BSTestRunner.py", line 120, in to_unicode
    return unicode(s)
NameError: name 'unicode' is not defined


        </pre>
    </div>
    <!--css div popup end-->

    </td>
</tr>

<tr id='ft2.9' class='text text-success'>
    <td class='text text-warning'><div class='testcase'>test_09_endVideoA: 结束直播</div></td>
    <td colspan='5' align='center'>

    <!--css div popup start-->
    <a class="popup_link btn btn-xs btn-default" onfocus='this.blur();' href="javascript:showTestDetail('div_ft2.9')" >
        error</a>

    <div id='div_ft2.9' class="popup_window">
        <div style='text-align: right;cursor:pointer'>
        <a onfocus='this.blur();' onclick="document.getElementById('div_ft2.9').style.display = 'none' " >
           [x]</a>
        </div>
        <pre>
        
ft2.9: Traceback (most recent call last):
  File "E:\study\0python_script\Test_vhall\vhall_unittest\test_case\StartEnd.py", line 6, in setUp
    print("Test is start")
  File "D:\python\Python35\lib\BSTestRunner.py", line 131, in write
    self.fp.write(to_unicode(s))
  File "D:\python\Python35\lib\BSTestRunner.py", line 120, in to_unicode
    return unicode(s)
NameError: name 'unicode' is not defined


        </pre>
    </div>
    <!--css div popup end-->

    </td>
</tr>

<tr class='text text-warning'>
    <td>test_case_02_createVideoB.Test_case_02_createVideoB</td>
    <td>6</td>
    <td>0</td>
    <td>0</td>
    <td>6</td>
    <td><a class="btn btn-xs btn-primary"href="javascript:showClassDetail('c3',6)">Detail</a></td>
</tr>

<tr id='ft3.1' class='text text-success'>
    <td class='text text-warning'><div class='testcase'>test_02_createVideoB: 创建视频文档活动</div></td>
    <td colspan='5' align='center'>

    <!--css div popup start-->
    <a class="popup_link btn btn-xs btn-default" onfocus='this.blur();' href="javascript:showTestDetail('div_ft3.1')" >
        error</a>

    <div id='div_ft3.1' class="popup_window">
        <div style='text-align: right;cursor:pointer'>
        <a onfocus='this.blur();' onclick="document.getElementById('div_ft3.1').style.display = 'none' " >
           [x]</a>
        </div>
        <pre>
        
ft3.1: Traceback (most recent call last):
  File "E:\study\0python_script\Test_vhall\vhall_unittest\test_case\StartEnd.py", line 6, in setUp
    print("Test is start")
  File "D:\python\Python35\lib\BSTestRunner.py", line 131, in write
    self.fp.write(to_unicode(s))
  File "D:\python\Python35\lib\BSTestRunner.py", line 120, in to_unicode
    return unicode(s)
NameError: name 'unicode' is not defined


        </pre>
    </div>
    <!--css div popup end-->

    </td>
</tr>

<tr id='ft3.2' class='text text-success'>
    <td class='text text-warning'><div class='testcase'>test_02_createVideoB: 创建视频文档活动</div></td>
    <td colspan='5' align='center'>

    <!--css div popup start-->
    <a class="popup_link btn btn-xs btn-default" onfocus='this.blur();' href="javascript:showTestDetail('div_ft3.2')" >
        error</a>

    <div id='div_ft3.2' class="popup_window">
        <div style='text-align: right;cursor:pointer'>
        <a onfocus='this.blur();' onclick="document.getElementById('div_ft3.2').style.display = 'none' " >
           [x]</a>
        </div>
        <pre>
        
ft3.2: Traceback (most recent call last):
  File "E:\study\0python_script\Test_vhall\vhall_unittest\test_case\StartEnd.py", line 6, in setUp
    print("Test is start")
  File "D:\python\Python35\lib\BSTestRunner.py", line 131, in write
    self.fp.write(to_unicode(s))
  File "D:\python\Python35\lib\BSTestRunner.py", line 120, in to_unicode
    return unicode(s)
NameError: name 'unicode' is not defined


        </pre>
    </div>
    <!--css div popup end-->

    </td>
</tr>

<tr id='ft3.3' class='text text-success'>
    <td class='text text-warning'><div class='testcase'>test_02_createVideoB: 创建视频文档活动</div></td>
    <td colspan='5' align='center'>

    <!--css div popup start-->
    <a class="popup_link btn btn-xs btn-default" onfocus='this.blur();' href="javascript:showTestDetail('div_ft3.3')" >
        error</a>

    <div id='div_ft3.3' class="popup_window">
        <div style='text-align: right;cursor:pointer'>
        <a onfocus='this.blur();' onclick="document.getElementById('div_ft3.3').style.display = 'none' " >
           [x]</a>
        </div>
        <pre>
        
ft3.3: Traceback (most recent call last):
  File "E:\study\0python_script\Test_vhall\vhall_unittest\test_case\StartEnd.py", line 6, in setUp
    print("Test is start")
  File "D:\python\Python35\lib\BSTestRunner.py", line 131, in write
    self.fp.write(to_unicode(s))
  File "D:\python\Python35\lib\BSTestRunner.py", line 120, in to_unicode
    return unicode(s)
NameError: name 'unicode' is not defined


        </pre>
    </div>
    <!--css div popup end-->

    </td>
</tr>

<tr id='ft3.4' class='text text-success'>
    <td class='text text-warning'><div class='testcase'>test_02_createVideoB: 创建视频文档活动</div></td>
    <td colspan='5' align='center'>

    <!--css div popup start-->
    <a class="popup_link btn btn-xs btn-default" onfocus='this.blur();' href="javascript:showTestDetail('div_ft3.4')" >
        error</a>

    <div id='div_ft3.4' class="popup_window">
        <div style='text-align: right;cursor:pointer'>
        <a onfocus='this.blur();' onclick="document.getElementById('div_ft3.4').style.display = 'none' " >
           [x]</a>
        </div>
        <pre>
        
ft3.4: Traceback (most recent call last):
  File "E:\study\0python_script\Test_vhall\vhall_unittest\test_case\StartEnd.py", line 6, in setUp
    print("Test is start")
  File "D:\python\Python35\lib\BSTestRunner.py", line 131, in write
    self.fp.write(to_unicode(s))
  File "D:\python\Python35\lib\BSTestRunner.py", line 120, in to_unicode
    return unicode(s)
NameError: name 'unicode' is not defined


        </pre>
    </div>
    <!--css div popup end-->

    </td>
</tr>

<tr id='ft3.5' class='text text-success'>
    <td class='text text-warning'><div class='testcase'>test_02_createVideoB: 创建视频文档活动</div></td>
    <td colspan='5' align='center'>

    <!--css div popup start-->
    <a class="popup_link btn btn-xs btn-default" onfocus='this.blur();' href="javascript:showTestDetail('div_ft3.5')" >
        error</a>

    <div id='div_ft3.5' class="popup_window">
        <div style='text-align: right;cursor:pointer'>
        <a onfocus='this.blur();' onclick="document.getElementById('div_ft3.5').style.display = 'none' " >
           [x]</a>
        </div>
        <pre>
        
ft3.5: Traceback (most recent call last):
  File "E:\study\0python_script\Test_vhall\vhall_unittest\test_case\StartEnd.py", line 6, in setUp
    print("Test is start")
  File "D:\python\Python35\lib\BSTestRunner.py", line 131, in write
    self.fp.write(to_unicode(s))
  File "D:\python\Python35\lib\BSTestRunner.py", line 120, in to_unicode
    return unicode(s)
NameError: name 'unicode' is not defined


        </pre>
    </div>
    <!--css div popup end-->

    </td>
</tr>

<tr id='ft3.6' class='text text-success'>
    <td class='text text-warning'><div class='testcase'>test_02_createVideoB: 创建视频文档活动</div></td>
    <td colspan='5' align='center'>

    <!--css div popup start-->
    <a class="popup_link btn btn-xs btn-default" onfocus='this.blur();' href="javascript:showTestDetail('div_ft3.6')" >
        error</a>

    <div id='div_ft3.6' class="popup_window">
        <div style='text-align: right;cursor:pointer'>
        <a onfocus='this.blur();' onclick="document.getElementById('div_ft3.6').style.display = 'none' " >
           [x]</a>
        </div>
        <pre>
        
ft3.6: Traceback (most recent call last):
  File "E:\study\0python_script\Test_vhall\vhall_unittest\test_case\StartEnd.py", line 6, in setUp
    print("Test is start")
  File "D:\python\Python35\lib\BSTestRunner.py", line 131, in write
    self.fp.write(to_unicode(s))
  File "D:\python\Python35\lib\BSTestRunner.py", line 120, in to_unicode
    return unicode(s)
NameError: name 'unicode' is not defined


        </pre>
    </div>
    <!--css div popup end-->

    </td>
</tr>

<tr class='text text-warning'>
    <td>test_case_02_createVideoC.Test_case_02</td>
    <td>2</td>
    <td>0</td>
    <td>0</td>
    <td>2</td>
    <td><a class="btn btn-xs btn-primary"href="javascript:showClassDetail('c4',2)">Detail</a></td>
</tr>

<tr id='ft4.1' class='text text-success'>
    <td class='text text-warning'><div class='testcase'>test_02_createVideoC</div></td>
    <td colspan='5' align='center'>

    <!--css div popup start-->
    <a class="popup_link btn btn-xs btn-default" onfocus='this.blur();' href="javascript:showTestDetail('div_ft4.1')" >
        error</a>

    <div id='div_ft4.1' class="popup_window">
        <div style='text-align: right;cursor:pointer'>
        <a onfocus='this.blur();' onclick="document.getElementById('div_ft4.1').style.display = 'none' " >
           [x]</a>
        </div>
        <pre>
        
ft4.1: Traceback (most recent call last):
  File "E:\study\0python_script\Test_vhall\vhall_unittest\test_case\StartEnd.py", line 6, in setUp
    print("Test is start")
  File "D:\python\Python35\lib\BSTestRunner.py", line 131, in write
    self.fp.write(to_unicode(s))
  File "D:\python\Python35\lib\BSTestRunner.py", line 120, in to_unicode
    return unicode(s)
NameError: name 'unicode' is not defined


        </pre>
    </div>
    <!--css div popup end-->

    </td>
</tr>

<tr id='ft4.2' class='text text-success'>
    <td class='text text-warning'><div class='testcase'>test_02_createVideoC</div></td>
    <td colspan='5' align='center'>

    <!--css div popup start-->
    <a class="popup_link btn btn-xs btn-default" onfocus='this.blur();' href="javascript:showTestDetail('div_ft4.2')" >
        error</a>

    <div id='div_ft4.2' class="popup_window">
        <div style='text-align: right;cursor:pointer'>
        <a onfocus='this.blur();' onclick="document.getElementById('div_ft4.2').style.display = 'none' " >
           [x]</a>
        </div>
        <pre>
        
ft4.2: Traceback (most recent call last):
  File "E:\study\0python_script\Test_vhall\vhall_unittest\test_case\StartEnd.py", line 6, in setUp
    print("Test is start")
  File "D:\python\Python35\lib\BSTestRunner.py", line 131, in write
    self.fp.write(to_unicode(s))
  File "D:\python\Python35\lib\BSTestRunner.py", line 120, in to_unicode
    return unicode(s)
NameError: name 'unicode' is not defined


        </pre>
    </div>
    <!--css div popup end-->

    </td>
</tr>

<tr class='text text-warning'>
    <td>test_case_03_test.Test_case_03_test</td>
    <td>4</td>
    <td>0</td>
    <td>0</td>
    <td>4</td>
    <td><a class="btn btn-xs btn-primary"href="javascript:showClassDetail('c5',4)">Detail</a></td>
</tr>

<tr id='ft5.1' class='text text-success'>
    <td class='text text-warning'><div class='testcase'>test_03_startVideo: 开始直播</div></td>
    <td colspan='5' align='center'>

    <!--css div popup start-->
    <a class="popup_link btn btn-xs btn-default" onfocus='this.blur();' href="javascript:showTestDetail('div_ft5.1')" >
        error</a>

    <div id='div_ft5.1' class="popup_window">
        <div style='text-align: right;cursor:pointer'>
        <a onfocus='this.blur();' onclick="document.getElementById('div_ft5.1').style.display = 'none' " >
           [x]</a>
        </div>
        <pre>
        
ft5.1: Traceback (most recent call last):
  File "E:\study\0python_script\Test_vhall\vhall_unittest\test_case\StartEnd.py", line 6, in setUp
    print("Test is start")
  File "D:\python\Python35\lib\BSTestRunner.py", line 131, in write
    self.fp.write(to_unicode(s))
  File "D:\python\Python35\lib\BSTestRunner.py", line 120, in to_unicode
    return unicode(s)
NameError: name 'unicode' is not defined


        </pre>
    </div>
    <!--css div popup end-->

    </td>
</tr>

<tr id='ft5.2' class='text text-success'>
    <td class='text text-warning'><div class='testcase'>test_03_startVideo: 开始直播</div></td>
    <td colspan='5' align='center'>

    <!--css div popup start-->
    <a class="popup_link btn btn-xs btn-default" onfocus='this.blur();' href="javascript:showTestDetail('div_ft5.2')" >
        error</a>

    <div id='div_ft5.2' class="popup_window">
        <div style='text-align: right;cursor:pointer'>
        <a onfocus='this.blur();' onclick="document.getElementById('div_ft5.2').style.display = 'none' " >
           [x]</a>
        </div>
        <pre>
        
ft5.2: Traceback (most recent call last):
  File "E:\study\0python_script\Test_vhall\vhall_unittest\test_case\StartEnd.py", line 6, in setUp
    print("Test is start")
  File "D:\python\Python35\lib\BSTestRunner.py", line 131, in write
    self.fp.write(to_unicode(s))
  File "D:\python\Python35\lib\BSTestRunner.py", line 120, in to_unicode
    return unicode(s)
NameError: name 'unicode' is not defined


        </pre>
    </div>
    <!--css div popup end-->

    </td>
</tr>

<tr id='ft5.3' class='text text-success'>
    <td class='text text-warning'><div class='testcase'>test_03_startVideo: 开始直播</div></td>
    <td colspan='5' align='center'>

    <!--css div popup start-->
    <a class="popup_link btn btn-xs btn-default" onfocus='this.blur();' href="javascript:showTestDetail('div_ft5.3')" >
        error</a>

    <div id='div_ft5.3' class="popup_window">
        <div style='text-align: right;cursor:pointer'>
        <a onfocus='this.blur();' onclick="document.getElementById('div_ft5.3').style.display = 'none' " >
           [x]</a>
        </div>
        <pre>
        
ft5.3: Traceback (most recent call last):
  File "E:\study\0python_script\Test_vhall\vhall_unittest\test_case\StartEnd.py", line 6, in setUp
    print("Test is start")
  File "D:\python\Python35\lib\BSTestRunner.py", line 131, in write
    self.fp.write(to_unicode(s))
  File "D:\python\Python35\lib\BSTestRunner.py", line 120, in to_unicode
    return unicode(s)
NameError: name 'unicode' is not defined


        </pre>
    </div>
    <!--css div popup end-->

    </td>
</tr>

<tr id='ft5.4' class='text text-success'>
    <td class='text text-warning'><div class='testcase'>test_03_startVideo: 开始直播</div></td>
    <td colspan='5' align='center'>

    <!--css div popup start-->
    <a class="popup_link btn btn-xs btn-default" onfocus='this.blur();' href="javascript:showTestDetail('div_ft5.4')" >
        error</a>

    <div id='div_ft5.4' class="popup_window">
        <div style='text-align: right;cursor:pointer'>
        <a onfocus='this.blur();' onclick="document.getElementById('div_ft5.4').style.display = 'none' " >
           [x]</a>
        </div>
        <pre>
        
ft5.4: Traceback (most recent call last):
  File "E:\study\0python_script\Test_vhall\vhall_unittest\test_case\StartEnd.py", line 6, in setUp
    print("Test is start")
  File "D:\python\Python35\lib\BSTestRunner.py", line 131, in write
    self.fp.write(to_unicode(s))
  File "D:\python\Python35\lib\BSTestRunner.py", line 120, in to_unicode
    return unicode(s)
NameError: name 'unicode' is not defined


        </pre>
    </div>
    <!--css div popup end-->

    </td>
</tr>

<tr class='text text-warning'>
    <td>test_case_03_toolsAB.Test_case_03_toolsAB</td>
    <td>5</td>
    <td>0</td>
    <td>0</td>
    <td>5</td>
    <td><a class="btn btn-xs btn-primary"href="javascript:showClassDetail('c6',5)">Detail</a></td>
</tr>

<tr id='ft6.1' class='text text-success'>
    <td class='text text-warning'><div class='testcase'>test_03_startVideo: 开始直播</div></td>
    <td colspan='5' align='center'>

    <!--css div popup start-->
    <a class="popup_link btn btn-xs btn-default" onfocus='this.blur();' href="javascript:showTestDetail('div_ft6.1')" >
        error</a>

    <div id='div_ft6.1' class="popup_window">
        <div style='text-align: right;cursor:pointer'>
        <a onfocus='this.blur();' onclick="document.getElementById('div_ft6.1').style.display = 'none' " >
           [x]</a>
        </div>
        <pre>
        
ft6.1: Traceback (most recent call last):
  File "E:\study\0python_script\Test_vhall\vhall_unittest\test_case\StartEnd.py", line 6, in setUp
    print("Test is start")
  File "D:\python\Python35\lib\BSTestRunner.py", line 131, in write
    self.fp.write(to_unicode(s))
  File "D:\python\Python35\lib\BSTestRunner.py", line 120, in to_unicode
    return unicode(s)
NameError: name 'unicode' is not defined


        </pre>
    </div>
    <!--css div popup end-->

    </td>
</tr>

<tr id='ft6.2' class='text text-success'>
    <td class='text text-warning'><div class='testcase'>test_05_signIn: 发起签到</div></td>
    <td colspan='5' align='center'>

    <!--css div popup start-->
    <a class="popup_link btn btn-xs btn-default" onfocus='this.blur();' href="javascript:showTestDetail('div_ft6.2')" >
        error</a>

    <div id='div_ft6.2' class="popup_window">
        <div style='text-align: right;cursor:pointer'>
        <a onfocus='this.blur();' onclick="document.getElementById('div_ft6.2').style.display = 'none' " >
           [x]</a>
        </div>
        <pre>
        
ft6.2: Traceback (most recent call last):
  File "E:\study\0python_script\Test_vhall\vhall_unittest\test_case\StartEnd.py", line 6, in setUp
    print("Test is start")
  File "D:\python\Python35\lib\BSTestRunner.py", line 131, in write
    self.fp.write(to_unicode(s))
  File "D:\python\Python35\lib\BSTestRunner.py", line 120, in to_unicode
    return unicode(s)
NameError: name 'unicode' is not defined


        </pre>
    </div>
    <!--css div popup end-->

    </td>
</tr>

<tr id='ft6.3' class='text text-success'>
    <td class='text text-warning'><div class='testcase'>test_06_QandA: 开启问答</div></td>
    <td colspan='5' align='center'>

    <!--css div popup start-->
    <a class="popup_link btn btn-xs btn-default" onfocus='this.blur();' href="javascript:showTestDetail('div_ft6.3')" >
        error</a>

    <div id='div_ft6.3' class="popup_window">
        <div style='text-align: right;cursor:pointer'>
        <a onfocus='this.blur();' onclick="document.getElementById('div_ft6.3').style.display = 'none' " >
           [x]</a>
        </div>
        <pre>
        
ft6.3: Traceback (most recent call last):
  File "E:\study\0python_script\Test_vhall\vhall_unittest\test_case\StartEnd.py", line 6, in setUp
    print("Test is start")
  File "D:\python\Python35\lib\BSTestRunner.py", line 131, in write
    self.fp.write(to_unicode(s))
  File "D:\python\Python35\lib\BSTestRunner.py", line 120, in to_unicode
    return unicode(s)
NameError: name 'unicode' is not defined


        </pre>
    </div>
    <!--css div popup end-->

    </td>
</tr>

<tr id='ft6.4' class='text text-success'>
    <td class='text text-warning'><div class='testcase'>test_07_lottery: 开启抽奖</div></td>
    <td colspan='5' align='center'>

    <!--css div popup start-->
    <a class="popup_link btn btn-xs btn-default" onfocus='this.blur();' href="javascript:showTestDetail('div_ft6.4')" >
        error</a>

    <div id='div_ft6.4' class="popup_window">
        <div style='text-align: right;cursor:pointer'>
        <a onfocus='this.blur();' onclick="document.getElementById('div_ft6.4').style.display = 'none' " >
           [x]</a>
        </div>
        <pre>
        
ft6.4: Traceback (most recent call last):
  File "E:\study\0python_script\Test_vhall\vhall_unittest\test_case\StartEnd.py", line 6, in setUp
    print("Test is start")
  File "D:\python\Python35\lib\BSTestRunner.py", line 131, in write
    self.fp.write(to_unicode(s))
  File "D:\python\Python35\lib\BSTestRunner.py", line 120, in to_unicode
    return unicode(s)
NameError: name 'unicode' is not defined


        </pre>
    </div>
    <!--css div popup end-->

    </td>
</tr>

<tr id='ft6.5' class='text text-success'>
    <td class='text text-warning'><div class='testcase'>test_09_endVideo: 结束直播</div></td>
    <td colspan='5' align='center'>

    <!--css div popup start-->
    <a class="popup_link btn btn-xs btn-default" onfocus='this.blur();' href="javascript:showTestDetail('div_ft6.5')" >
        error</a>

    <div id='div_ft6.5' class="popup_window">
        <div style='text-align: right;cursor:pointer'>
        <a onfocus='this.blur();' onclick="document.getElementById('div_ft6.5').style.display = 'none' " >
           [x]</a>
        </div>
        <pre>
        
ft6.5: Traceback (most recent call last):
  File "E:\study\0python_script\Test_vhall\vhall_unittest\test_case\StartEnd.py", line 6, in setUp
    print("Test is start")
  File "D:\python\Python35\lib\BSTestRunner.py", line 131, in write
    self.fp.write(to_unicode(s))
  File "D:\python\Python35\lib\BSTestRunner.py", line 120, in to_unicode
    return unicode(s)
NameError: name 'unicode' is not defined


        </pre>
    </div>
    <!--css div popup end-->

    </td>
</tr>

<tr class='text text-warning'>
    <td>test_case_03_toolsC.Test_case_03_toolsC</td>
    <td>5</td>
    <td>0</td>
    <td>0</td>
    <td>5</td>
    <td><a class="btn btn-xs btn-primary"href="javascript:showClassDetail('c7',5)">Detail</a></td>
</tr>

<tr id='ft7.1' class='text text-success'>
    <td class='text text-warning'><div class='testcase'>test_03_startVideo: 开始直播</div></td>
    <td colspan='5' align='center'>

    <!--css div popup start-->
    <a class="popup_link btn btn-xs btn-default" onfocus='this.blur();' href="javascript:showTestDetail('div_ft7.1')" >
        error</a>

    <div id='div_ft7.1' class="popup_window">
        <div style='text-align: right;cursor:pointer'>
        <a onfocus='this.blur();' onclick="document.getElementById('div_ft7.1').style.display = 'none' " >
           [x]</a>
        </div>
        <pre>
        
ft7.1: Traceback (most recent call last):
  File "E:\study\0python_script\Test_vhall\vhall_unittest\test_case\StartEnd.py", line 6, in setUp
    print("Test is start")
  File "D:\python\Python35\lib\BSTestRunner.py", line 131, in write
    self.fp.write(to_unicode(s))
  File "D:\python\Python35\lib\BSTestRunner.py", line 120, in to_unicode
    return unicode(s)
NameError: name 'unicode' is not defined


        </pre>
    </div>
    <!--css div popup end-->

    </td>
</tr>

<tr id='ft7.2' class='text text-success'>
    <td class='text text-warning'><div class='testcase'>test_04_addDocument: 添加文档</div></td>
    <td colspan='5' align='center'>

    <!--css div popup start-->
    <a class="popup_link btn btn-xs btn-default" onfocus='this.blur();' href="javascript:showTestDetail('div_ft7.2')" >
        error</a>

    <div id='div_ft7.2' class="popup_window">
        <div style='text-align: right;cursor:pointer'>
        <a onfocus='this.blur();' onclick="document.getElementById('div_ft7.2').style.display = 'none' " >
           [x]</a>
        </div>
        <pre>
        
ft7.2: Traceback (most recent call last):
  File "E:\study\0python_script\Test_vhall\vhall_unittest\test_case\StartEnd.py", line 6, in setUp
    print("Test is start")
  File "D:\python\Python35\lib\BSTestRunner.py", line 131, in write
    self.fp.write(to_unicode(s))
  File "D:\python\Python35\lib\BSTestRunner.py", line 120, in to_unicode
    return unicode(s)
NameError: name 'unicode' is not defined


        </pre>
    </div>
    <!--css div popup end-->

    </td>
</tr>

<tr id='ft7.3' class='text text-success'>
    <td class='text text-warning'><div class='testcase'>test_05_lottery: 抽奖</div></td>
    <td colspan='5' align='center'>

    <!--css div popup start-->
    <a class="popup_link btn btn-xs btn-default" onfocus='this.blur();' href="javascript:showTestDetail('div_ft7.3')" >
        error</a>

    <div id='div_ft7.3' class="popup_window">
        <div style='text-align: right;cursor:pointer'>
        <a onfocus='this.blur();' onclick="document.getElementById('div_ft7.3').style.display = 'none' " >
           [x]</a>
        </div>
        <pre>
        
ft7.3: Traceback (most recent call last):
  File "E:\study\0python_script\Test_vhall\vhall_unittest\test_case\StartEnd.py", line 6, in setUp
    print("Test is start")
  File "D:\python\Python35\lib\BSTestRunner.py", line 131, in write
    self.fp.write(to_unicode(s))
  File "D:\python\Python35\lib\BSTestRunner.py", line 120, in to_unicode
    return unicode(s)
NameError: name 'unicode' is not defined


        </pre>
    </div>
    <!--css div popup end-->

    </td>
</tr>

<tr id='ft7.4' class='text text-success'>
    <td class='text text-warning'><div class='testcase'>test_06_lottery: 签到</div></td>
    <td colspan='5' align='center'>

    <!--css div popup start-->
    <a class="popup_link btn btn-xs btn-default" onfocus='this.blur();' href="javascript:showTestDetail('div_ft7.4')" >
        error</a>

    <div id='div_ft7.4' class="popup_window">
        <div style='text-align: right;cursor:pointer'>
        <a onfocus='this.blur();' onclick="document.getElementById('div_ft7.4').style.display = 'none' " >
           [x]</a>
        </div>
        <pre>
        
ft7.4: Traceback (most recent call last):
  File "E:\study\0python_script\Test_vhall\vhall_unittest\test_case\StartEnd.py", line 6, in setUp
    print("Test is start")
  File "D:\python\Python35\lib\BSTestRunner.py", line 131, in write
    self.fp.write(to_unicode(s))
  File "D:\python\Python35\lib\BSTestRunner.py", line 120, in to_unicode
    return unicode(s)
NameError: name 'unicode' is not defined


        </pre>
    </div>
    <!--css div popup end-->

    </td>
</tr>

<tr id='ft7.5' class='text text-success'>
    <td class='text text-warning'><div class='testcase'>test_07_questionnaire: 问卷</div></td>
    <td colspan='5' align='center'>

    <!--css div popup start-->
    <a class="popup_link btn btn-xs btn-default" onfocus='this.blur();' href="javascript:showTestDetail('div_ft7.5')" >
        error</a>

    <div id='div_ft7.5' class="popup_window">
        <div style='text-align: right;cursor:pointer'>
        <a onfocus='this.blur();' onclick="document.getElementById('div_ft7.5').style.display = 'none' " >
           [x]</a>
        </div>
        <pre>
        
ft7.5: Traceback (most recent call last):
  File "E:\study\0python_script\Test_vhall\vhall_unittest\test_case\StartEnd.py", line 6, in setUp
    print("Test is start")
  File "D:\python\Python35\lib\BSTestRunner.py", line 131, in write
    self.fp.write(to_unicode(s))
  File "D:\python\Python35\lib\BSTestRunner.py", line 120, in to_unicode
    return unicode(s)
NameError: name 'unicode' is not defined


        </pre>
    </div>
    <!--css div popup end-->

    </td>
</tr>

<tr class='text text-warning'>
    <td>test_case_04_look.Test_case_04_look</td>
    <td>6</td>
    <td>0</td>
    <td>0</td>
    <td>6</td>
    <td><a class="btn btn-xs btn-primary"href="javascript:showClassDetail('c8',6)">Detail</a></td>
</tr>

<tr id='ft8.1' class='text text-success'>
    <td class='text text-warning'><div class='testcase'>test_06_getLookUrl</div></td>
    <td colspan='5' align='center'>

    <!--css div popup start-->
    <a class="popup_link btn btn-xs btn-default" onfocus='this.blur();' href="javascript:showTestDetail('div_ft8.1')" >
        error</a>

    <div id='div_ft8.1' class="popup_window">
        <div style='text-align: right;cursor:pointer'>
        <a onfocus='this.blur();' onclick="document.getElementById('div_ft8.1').style.display = 'none' " >
           [x]</a>
        </div>
        <pre>
        
ft8.1: Traceback (most recent call last):
  File "E:\study\0python_script\Test_vhall\vhall_unittest\test_case\StartEnd.py", line 6, in setUp
    print("Test is start")
  File "D:\python\Python35\lib\BSTestRunner.py", line 131, in write
    self.fp.write(to_unicode(s))
  File "D:\python\Python35\lib\BSTestRunner.py", line 120, in to_unicode
    return unicode(s)
NameError: name 'unicode' is not defined


        </pre>
    </div>
    <!--css div popup end-->

    </td>
</tr>

<tr id='ft8.2' class='text text-success'>
    <td class='text text-warning'><div class='testcase'>test_07_lookLogin</div></td>
    <td colspan='5' align='center'>

    <!--css div popup start-->
    <a class="popup_link btn btn-xs btn-default" onfocus='this.blur();' href="javascript:showTestDetail('div_ft8.2')" >
        error</a>

    <div id='div_ft8.2' class="popup_window">
        <div style='text-align: right;cursor:pointer'>
        <a onfocus='this.blur();' onclick="document.getElementById('div_ft8.2').style.display = 'none' " >
           [x]</a>
        </div>
        <pre>
        
ft8.2: Traceback (most recent call last):
  File "E:\study\0python_script\Test_vhall\vhall_unittest\test_case\StartEnd.py", line 6, in setUp
    print("Test is start")
  File "D:\python\Python35\lib\BSTestRunner.py", line 131, in write
    self.fp.write(to_unicode(s))
  File "D:\python\Python35\lib\BSTestRunner.py", line 120, in to_unicode
    return unicode(s)
NameError: name 'unicode' is not defined


        </pre>
    </div>
    <!--css div popup end-->

    </td>
</tr>

<tr id='ft8.3' class='text text-success'>
    <td class='text text-warning'><div class='testcase'>test_06_getLookUrl</div></td>
    <td colspan='5' align='center'>

    <!--css div popup start-->
    <a class="popup_link btn btn-xs btn-default" onfocus='this.blur();' href="javascript:showTestDetail('div_ft8.3')" >
        error</a>

    <div id='div_ft8.3' class="popup_window">
        <div style='text-align: right;cursor:pointer'>
        <a onfocus='this.blur();' onclick="document.getElementById('div_ft8.3').style.display = 'none' " >
           [x]</a>
        </div>
        <pre>
        
ft8.3: Traceback (most recent call last):
  File "E:\study\0python_script\Test_vhall\vhall_unittest\test_case\StartEnd.py", line 6, in setUp
    print("Test is start")
  File "D:\python\Python35\lib\BSTestRunner.py", line 131, in write
    self.fp.write(to_unicode(s))
  File "D:\python\Python35\lib\BSTestRunner.py", line 120, in to_unicode
    return unicode(s)
NameError: name 'unicode' is not defined


        </pre>
    </div>
    <!--css div popup end-->

    </td>
</tr>

<tr id='ft8.4' class='text text-success'>
    <td class='text text-warning'><div class='testcase'>test_07_lookLogin</div></td>
    <td colspan='5' align='center'>

    <!--css div popup start-->
    <a class="popup_link btn btn-xs btn-default" onfocus='this.blur();' href="javascript:showTestDetail('div_ft8.4')" >
        error</a>

    <div id='div_ft8.4' class="popup_window">
        <div style='text-align: right;cursor:pointer'>
        <a onfocus='this.blur();' onclick="document.getElementById('div_ft8.4').style.display = 'none' " >
           [x]</a>
        </div>
        <pre>
        
ft8.4: Traceback (most recent call last):
  File "E:\study\0python_script\Test_vhall\vhall_unittest\test_case\StartEnd.py", line 6, in setUp
    print("Test is start")
  File "D:\python\Python35\lib\BSTestRunner.py", line 131, in write
    self.fp.write(to_unicode(s))
  File "D:\python\Python35\lib\BSTestRunner.py", line 120, in to_unicode
    return unicode(s)
NameError: name 'unicode' is not defined


        </pre>
    </div>
    <!--css div popup end-->

    </td>
</tr>

<tr id='ft8.5' class='text text-success'>
    <td class='text text-warning'><div class='testcase'>test_06_getLookUrl</div></td>
    <td colspan='5' align='center'>

    <!--css div popup start-->
    <a class="popup_link btn btn-xs btn-default" onfocus='this.blur();' href="javascript:showTestDetail('div_ft8.5')" >
        error</a>

    <div id='div_ft8.5' class="popup_window">
        <div style='text-align: right;cursor:pointer'>
        <a onfocus='this.blur();' onclick="document.getElementById('div_ft8.5').style.display = 'none' " >
           [x]</a>
        </div>
        <pre>
        
ft8.5: Traceback (most recent call last):
  File "E:\study\0python_script\Test_vhall\vhall_unittest\test_case\StartEnd.py", line 6, in setUp
    print("Test is start")
  File "D:\python\Python35\lib\BSTestRunner.py", line 131, in write
    self.fp.write(to_unicode(s))
  File "D:\python\Python35\lib\BSTestRunner.py", line 120, in to_unicode
    return unicode(s)
NameError: name 'unicode' is not defined


        </pre>
    </div>
    <!--css div popup end-->

    </td>
</tr>

<tr id='ft8.6' class='text text-success'>
    <td class='text text-warning'><div class='testcase'>test_07_lookLogin</div></td>
    <td colspan='5' align='center'>

    <!--css div popup start-->
    <a class="popup_link btn btn-xs btn-default" onfocus='this.blur();' href="javascript:showTestDetail('div_ft8.6')" >
        error</a>

    <div id='div_ft8.6' class="popup_window">
        <div style='text-align: right;cursor:pointer'>
        <a onfocus='this.blur();' onclick="document.getElementById('div_ft8.6').style.display = 'none' " >
           [x]</a>
        </div>
        <pre>
        
ft8.6: Traceback (most recent call last):
  File "E:\study\0python_script\Test_vhall\vhall_unittest\test_case\StartEnd.py", line 6, in setUp
    print("Test is start")
  File "D:\python\Python35\lib\BSTestRunner.py", line 131, in write
    self.fp.write(to_unicode(s))
  File "D:\python\Python35\lib\BSTestRunner.py", line 120, in to_unicode
    return unicode(s)
NameError: name 'unicode' is not defined


        </pre>
    </div>
    <!--css div popup end-->

    </td>
</tr>

<tr class='text text-warning'>
    <td>test_case_05_testTools.Test_case_05_testTools</td>
    <td>2</td>
    <td>0</td>
    <td>0</td>
    <td>2</td>
    <td><a class="btn btn-xs btn-primary"href="javascript:showClassDetail('c9',2)">Detail</a></td>
</tr>

<tr id='ft9.1' class='text text-success'>
    <td class='text text-warning'><div class='testcase'>test_01_signIn: 发起签到</div></td>
    <td colspan='5' align='center'>

    <!--css div popup start-->
    <a class="popup_link btn btn-xs btn-default" onfocus='this.blur();' href="javascript:showTestDetail('div_ft9.1')" >
        error</a>

    <div id='div_ft9.1' class="popup_window">
        <div style='text-align: right;cursor:pointer'>
        <a onfocus='this.blur();' onclick="document.getElementById('div_ft9.1').style.display = 'none' " >
           [x]</a>
        </div>
        <pre>
        
ft9.1: Traceback (most recent call last):
  File "E:\study\0python_script\Test_vhall\vhall_unittest\test_case\StartEnd.py", line 6, in setUp
    print("Test is start")
  File "D:\python\Python35\lib\BSTestRunner.py", line 131, in write
    self.fp.write(to_unicode(s))
  File "D:\python\Python35\lib\BSTestRunner.py", line 120, in to_unicode
    return unicode(s)
NameError: name 'unicode' is not defined


        </pre>
    </div>
    <!--css div popup end-->

    </td>
</tr>

<tr id='ft9.2' class='text text-success'>
    <td class='text text-warning'><div class='testcase'>test_01_signIn: 发起签到</div></td>
    <td colspan='5' align='center'>

    <!--css div popup start-->
    <a class="popup_link btn btn-xs btn-default" onfocus='this.blur();' href="javascript:showTestDetail('div_ft9.2')" >
        error</a>

    <div id='div_ft9.2' class="popup_window">
        <div style='text-align: right;cursor:pointer'>
        <a onfocus='this.blur();' onclick="document.getElementById('div_ft9.2').style.display = 'none' " >
           [x]</a>
        </div>
        <pre>
        
ft9.2: Traceback (most recent call last):
  File "E:\study\0python_script\Test_vhall\vhall_unittest\test_case\StartEnd.py", line 6, in setUp
    print("Test is start")
  File "D:\python\Python35\lib\BSTestRunner.py", line 131, in write
    self.fp.write(to_unicode(s))
  File "D:\python\Python35\lib\BSTestRunner.py", line 120, in to_unicode
    return unicode(s)
NameError: name 'unicode' is not defined


        </pre>
    </div>
    <!--css div popup end-->

    </td>
</tr>

<tr class='text text-warning'>
    <td>test_case_06_accept.Test_case_06_accept</td>
    <td>1</td>
    <td>0</td>
    <td>0</td>
    <td>1</td>
    <td><a class="btn btn-xs btn-primary"href="javascript:showClassDetail('c10',1)">Detail</a></td>
</tr>

<tr id='ft10.1' class='text text-success'>
    <td class='text text-warning'><div class='testcase'>test_01_lookSignin</div></td>
    <td colspan='5' align='center'>

    <!--css div popup start-->
    <a class="popup_link btn btn-xs btn-default" onfocus='this.blur();' href="javascript:showTestDetail('div_ft10.1')" >
        error</a>

    <div id='div_ft10.1' class="popup_window">
        <div style='text-align: right;cursor:pointer'>
        <a onfocus='this.blur();' onclick="document.getElementById('div_ft10.1').style.display = 'none' " >
           [x]</a>
        </div>
        <pre>
        
ft10.1: Traceback (most recent call last):
  File "E:\study\0python_script\Test_vhall\vhall_unittest\test_case\StartEnd.py", line 6, in setUp
    print("Test is start")
  File "D:\python\Python35\lib\BSTestRunner.py", line 131, in write
    self.fp.write(to_unicode(s))
  File "D:\python\Python35\lib\BSTestRunner.py", line 120, in to_unicode
    return unicode(s)
NameError: name 'unicode' is not defined


        </pre>
    </div>
    <!--css div popup end-->

    </td>
</tr>

    </tbody>
    <tfoot>
        <tr id='total_row'>
            <td>Total</td>
            <td>49</td>
            <td class="text text-success">0</td>
            <td class="text text-danger">0</td>
            <td class="text text-warning">49</td>
            <td>&nbsp;</td>
        </tr>
    </tfoot>
</table>

    <div id='ending'>&nbsp;</div>
</div>

</body>
</html>
